<?xml version="1.0" encoding="UTF-8"?>
<testng-results skipped="0" failed="0" ignored="0" total="2" passed="2">
  <reporter-output>
  </reporter-output>
  <suite name="Default suite" duration-ms="29598" started-at="2021-03-19T02:57:32 IST" finished-at="2021-03-19T02:58:02 IST">
    <groups>
    </groups>
    <test name="Default test" duration-ms="29598" started-at="2021-03-19T02:57:32 IST" finished-at="2021-03-19T02:58:02 IST">
      <class name="com.edu.testSuite.TestCases">
        <test-method status="PASS" signature="setUp()[pri:0, instance:com.edu.testSuite.TestCases@458c1321]" name="setUp" is-config="true" duration-ms="8943" started-at="2021-03-19T02:57:23 IST" finished-at="2021-03-19T02:57:32 IST">
          <reporter-output>
          </reporter-output>
        </test-method> <!-- setUp -->
        <test-method status="PASS" signature="userLogin()[pri:0, instance:com.edu.testSuite.TestCases@458c1321]" name="userLogin" duration-ms="6173" started-at="2021-03-19T02:57:32 IST" finished-at="2021-03-19T02:57:38 IST">
          <reporter-output>
          </reporter-output>
        </test-method> <!-- userLogin -->
        <test-method status="PASS" signature="purchaseDress(java.lang.String, java.lang.String, java.lang.String, java.lang.String)[pri:0, instance:com.edu.testSuite.TestCases@458c1321]" name="purchaseDress" duration-ms="23006" started-at="2021-03-19T02:57:39 IST" data-provider="iteamDetails" depends-on-methods="com.edu.testSuite.TestCases.userLogin" finished-at="2021-03-19T02:58:02 IST">
          <params>
            <param index="0">
              <value>
                <![CDATA[cottonÂ ]]>
              </value>
            </param>
            <param index="1">
              <value>
                <![CDATA[$50]]>
              </value>
            </param>
            <param index="2">
              <value>
                <![CDATA[S-M]]>
              </value>
            </param>
            <param index="3">
              <value>
                <![CDATA[Orange-Blue]]>
              </value>
            </param>
          </params>
          <reporter-output>
          </reporter-output>
        </test-method> <!-- purchaseDress -->
        <test-method status="FAIL" signature="tearDown()[pri:0, instance:com.edu.testSuite.TestCases@458c1321]" name="tearDown" is-config="true" duration-ms="1" started-at="2021-03-19T02:58:02 IST" finished-at="2021-03-19T02:58:02 IST">
          <exception class="java.lang.AssertionError">
            <message>
              <![CDATA[The following asserts failed:
expected [Sign out] but found [logOutText],
expected [true] but found [false]]]>
            </message>
            <full-stacktrace>
              <![CDATA[java.lang.AssertionError: The following asserts failed:
expected [Sign out] but found [logOutText],
expected [true] but found [false]
at org.testng.asserts.SoftAssert.assertAll(SoftAssert.java:47)
at org.testng.asserts.SoftAssert.assertAll(SoftAssert.java:31)
at com.edu.base.BaseSetup.tearDown(BaseSetup.java:29)
at sun.reflect.NativeMethodAccessorImpl.invoke0(Native Method)
at sun.reflect.NativeMethodAccessorImpl.invoke(NativeMethodAccessorImpl.java:62)
at sun.reflect.DelegatingMethodAccessorImpl.invoke(DelegatingMethodAccessorImpl.java:43)
at java.lang.reflect.Method.invoke(Method.java:497)
at org.testng.internal.MethodInvocationHelper.invokeMethod(MethodInvocationHelper.java:133)
at org.testng.internal.MethodInvocationHelper.invokeMethodConsideringTimeout(MethodInvocationHelper.java:62)
at org.testng.internal.ConfigInvoker.invokeConfigurationMethod(ConfigInvoker.java:340)
at org.testng.internal.ConfigInvoker.invokeConfigurations(ConfigInvoker.java:294)
at org.testng.SuiteRunner.privateRun(SuiteRunner.java:369)
at org.testng.SuiteRunner.run(SuiteRunner.java:304)
at org.testng.SuiteRunnerWorker.runSuite(SuiteRunnerWorker.java:53)
at org.testng.SuiteRunnerWorker.run(SuiteRunnerWorker.java:96)
at org.testng.TestNG.runSuitesSequentially(TestNG.java:1180)
at org.testng.TestNG.runSuitesLocally(TestNG.java:1102)
at org.testng.TestNG.runSuites(TestNG.java:1032)
at org.testng.TestNG.run(TestNG.java:1000)
at org.testng.remote.AbstractRemoteTestNG.run(AbstractRemoteTestNG.java:115)
at org.testng.remote.RemoteTestNG.initAndRun(RemoteTestNG.java:251)
at org.testng.remote.RemoteTestNG.main(RemoteTestNG.java:77)
]]>
            </full-stacktrace>
          </exception> <!-- java.lang.AssertionError -->
          <reporter-output>
          </reporter-output>
        </test-method> <!-- tearDown -->
      </class> <!-- com.edu.testSuite.TestCases -->
    </test> <!-- Default test -->
  </suite> <!-- Default suite -->
</testng-results>
